<?xml version="1.0" encoding="UTF-8"?>
<testng-results ignored="0" total="2" passed="2" failed="0" skipped="0">
  <reporter-output>
  </reporter-output>
  <suite started-at="2024-02-08T18:48:30 IST" name="Default suite" finished-at="2024-02-08T18:48:32 IST" duration-ms="1498">
    <groups>
    </groups>
    <test started-at="2024-02-08T18:48:30 IST" name="Default test" finished-at="2024-02-08T18:48:32 IST" duration-ms="1498">
      <class name="learn2.WayToCreatePostRequest">
        <test-method signature="testPostUsingExternalFile()[pri:1, instance:learn2.WayToCreatePostRequest@5f9b2141]" started-at="2024-02-08T18:48:30 IST" name="testPostUsingExternalFile" finished-at="2024-02-08T18:48:32 IST" duration-ms="1409" status="PASS">
          <reporter-output>
          </reporter-output>
        </test-method> <!-- testPostUsingExternalFile -->
        <test-method signature="deleteExternalFilePostRequestData()[pri:2, instance:learn2.WayToCreatePostRequest@5f9b2141]" started-at="2024-02-08T18:48:32 IST" name="deleteExternalFilePostRequestData" finished-at="2024-02-08T18:48:32 IST" depends-on-methods="learn2.WayToCreatePostRequest.testPostUsingExternalFile" duration-ms="42" status="PASS">
          <reporter-output>
          </reporter-output>
        </test-method> <!-- deleteExternalFilePostRequestData -->
      </class> <!-- learn2.WayToCreatePostRequest -->
    </test> <!-- Default test -->
  </suite> <!-- Default suite -->
</testng-results>
